<?xml version="1.0" encoding="UTF-8"?>
<!-- Generated by org.testng.reporters.JUnitXMLReporter -->
<testsuite ignored="0" hostname="Shekar" failures="1" tests="3" name="Surefire test" time="36.633" errors="0" timestamp="2026-05-11T16:54:54 IST">
  <testcase classname="io.cucumber.testng.AbstractTestNGCucumberTests" name="runScenario" time="11.124"/>
  <testcase classname="io.cucumber.testng.AbstractTestNGCucumberTests" name="runScenario" time="13.507"/>
  <testcase classname="io.cucumber.testng.AbstractTestNGCucumberTests" name="runScenario" time="10.662">
    <failure type="java.lang.AssertionError" message="Both are not same expected [No data] but found [Beetroot]">
      <![CDATA[java.lang.AssertionError: Both are not same expected [No data] but found [Beetroot]
at stepDefinitions.OffersPageStepDefinition.verify_both_the_names_that_we_get_same_or_not(OffersPageStepDefinition.java:46)
at ✽.Verify both the names that we get same or not(file:///C:/Users/graja/eclipse-workspace/CucumberFramework/src/test/java/features/searchProduct.feature:8)
... Removed 5 stack frames]]>
    </failure>
  </testcase> <!-- runScenario -->
</testsuite> <!-- Surefire test -->
