<?xml version="1.0" encoding="UTF-8"?>
<!-- Generated by org.testng.reporters.JUnitReportReporter -->
<testsuite hostname="Shekar" failures="1" tests="1" name="CucumberOptions.FailedTestRunner" time="11.823" errors="0" timestamp="2025-08-14T13:01:35 IST" skipped="0">
  <testcase classname="CucumberOptions.FailedTestRunner" name="runScenario" time="11.823">
    <failure message="Both are not same expected [No data] but found [Beetroot]" type="java.lang.AssertionError">
      <![CDATA[java.lang.AssertionError: Both are not same expected [No data] but found [Beetroot]
at org.testng.Assert.fail(Assert.java:111)
at org.testng.Assert.failNotEquals(Assert.java:1578)
at org.testng.Assert.assertEqualsImpl(Assert.java:150)
at org.testng.Assert.assertEquals(Assert.java:132)
at org.testng.Assert.assertEquals(Assert.java:656)
at stepDefinitions.OffersPageStepDefinition.verify_both_the_names_that_we_get_same_or_not(OffersPageStepDefinition.java:60)
at ✽.Verify both the names that we get same or not(file:///C:/Users/graja/eclipse-workspace/CucumberFramework/src/test/java/features/searchProduct.feature:8)
]]>
    </failure>
  </testcase> <!-- runScenario -->
</testsuite> <!-- CucumberOptions.CucumberOptions.FailedTestRunner -->
